2016-08-20 14:24:53 Workerman[start.php] start in DEBUG mode
2016-08-20 14:33:37 Workerman[start.php] start in DEBUG mode
2016-08-20 14:54:19 Workerman[start.php] start in DEBUG mode
2016-08-20 14:56:56 Workerman[start.php] start in DEBUG mode
2016-08-22 22:28:07 Workerman[start.php] start in DEBUG mode
2016-08-22 22:28:45 Workerman[start.php] start in DAEMON mode
2016-08-22 22:28:45 Workerman[start.php] already running
2016-08-22 22:30:01 Workerman[start.php] start in DAEMON mode
2016-09-10 14:49:27 Workerman[start.php] start in DEBUG mode
2016-09-10 14:56:29 Workerman[start.php] start in DEBUG mode
2016-09-10 16:49:52 Workerman[start.php] start in DEBUG mode
2016-09-10 17:08:21 Workerman[start.php] start in DEBUG mode
2016-09-10 17:14:44 Workerman[start.php] start in DEBUG mode
2016-09-10 17:14:44 Workerman[start.php] already running
2016-09-10 17:16:06 Workerman[start.php] start in DEBUG mode
2016-09-10 17:27:55 Workerman[start.php] start in DEBUG mode
2016-09-10 17:27:55 Workerman[start.php] already running
2016-09-10 17:27:59 Workerman[start.php] start in DEBUG mode
2016-09-10 17:31:29 Workerman[start.php] start in DEBUG mode
2016-09-10 17:40:59 Workerman[start.php] start in DEBUG mode
2016-09-10 18:11:31 Workerman[start.php] start in DEBUG mode
2016-09-10 18:13:50 Workerman[start.php] start in DEBUG mode
2016-09-10 18:20:59 WORKER EXIT UNEXPECTED 
2016-09-10 18:20:59 worker[SinihiBusinessWorker:5585] exit with status 64000
2016-09-10 18:21:34 WORKER EXIT UNEXPECTED 
2016-09-10 18:21:34 worker[SinihiBusinessWorker:5583] exit with status 64000
2016-09-10 18:21:57 WORKER EXIT UNEXPECTED 
2016-09-10 18:21:57 worker[SinihiBusinessWorker:5758] exit with status 64000
2016-09-10 18:22:05 WORKER EXIT UNEXPECTED 
2016-09-10 18:22:05 worker[SinihiBusinessWorker:5759] exit with status 64000
2016-09-10 18:25:16 WORKER EXIT UNEXPECTED 
2016-09-10 18:25:16 worker[SinihiBusinessWorker:5760] exit with status 64000
2016-09-10 18:25:23 WORKER EXIT UNEXPECTED 
2016-09-10 18:25:23 worker[SinihiBusinessWorker:5765] exit with status 64000
2016-09-10 18:25:51 WORKER EXIT UNEXPECTED 
2016-09-10 18:25:51 worker[SinihiBusinessWorker:5766] exit with status 64000
2016-09-10 18:30:46 WORKER EXIT UNEXPECTED 
2016-09-10 18:30:46 worker[SinihiBusinessWorker:5767] exit with status 64000
2016-09-10 18:30:48 WORKER EXIT UNEXPECTED 
2016-09-10 18:30:48 worker[SinihiBusinessWorker:5584] exit with status 64000
2016-09-10 18:33:52 WORKER EXIT UNEXPECTED 
2016-09-10 18:33:52 worker[SinihiBusinessWorker:5582] exit with status 64000
2016-09-10 18:41:31 WORKER EXIT UNEXPECTED 
2016-09-10 18:41:31 worker[SinihiBusinessWorker:5837] exit with status 64000
2016-09-10 18:42:05 WORKER EXIT UNEXPECTED 
2016-09-10 18:42:05 worker[SinihiBusinessWorker:5761] exit with status 64000
2016-09-10 18:43:20 Workerman[start.php] Stopping ...
2016-09-10 18:43:20 Workerman[start.php] has been stopped
2016-09-10 18:44:48 Workerman[start.php] start in DEBUG mode
2016-09-10 18:45:13 WORKER EXIT UNEXPECTED 
2016-09-10 18:45:13 worker[SinihiBusinessWorker:5917] exit with status 64000
2016-09-10 18:46:02 WORKER EXIT UNEXPECTED 
2016-09-10 18:46:02 worker[SinihiBusinessWorker:5916] exit with status 64000
2016-09-10 18:46:04 Workerman[start.php] Stopping ...
2016-09-10 18:46:04 Workerman[start.php] has been stopped
2016-09-10 18:47:20 Workerman[start.php] start in DEBUG mode
2016-09-10 18:47:59 WORKER EXIT UNEXPECTED 
2016-09-10 18:47:59 worker[SinihiBusinessWorker:6084] exit with status 64000
2016-09-10 18:48:00 Workerman[start.php] Stopping ...
2016-09-10 18:48:00 Workerman[start.php] has been stopped
2016-09-10 18:53:19 Workerman[start.php] start in DEBUG mode
2016-09-10 18:53:47 WORKER EXIT UNEXPECTED 
2016-09-10 18:53:47 worker[SinihiBusinessWorker:6186] exit with status 64000
2016-09-10 18:53:50 Workerman[start.php] Stopping ...
2016-09-10 18:53:50 Workerman[start.php] has been stopped
2016-09-10 18:54:08 Workerman[start.php] start in DEBUG mode
2016-09-10 18:56:38 WORKER EXIT UNEXPECTED 
2016-09-10 18:56:38 worker[SinihiBusinessWorker:6210] exit with status 64000
2016-09-10 19:00:18 Workerman[start.php] start in DEBUG mode
2016-09-10 19:00:18 Workerman[start.php] already running
2016-09-10 19:00:22 Workerman[start.php] start in DEBUG mode
2016-09-10 19:02:18 Workerman[start.php] start in DEBUG mode
2016-09-11 14:54:19 Workerman[start.php] start in DEBUG mode
